::1 - - [08/May/2020:14:41:29 +0000] "GET / HTTP/1.1" 304 - "-" "Mozilla/5.0 (Macintosh; Intel Mac OS X 10_15_4) AppleWebKit/537.36 (KHTML, like Gecko) Chrome/81.0.4044.122 Safari/537.36"
::1 - - [08/May/2020:14:41:30 +0000] "GET / HTTP/1.1" 304 - "-" "Mozilla/5.0 (Macintosh; Intel Mac OS X 10_15_4) AppleWebKit/537.36 (KHTML, like Gecko) Chrome/81.0.4044.122 Safari/537.36"
::1 - - [08/May/2020:14:41:31 +0000] "GET / HTTP/1.1" 304 - "-" "Mozilla/5.0 (Macintosh; Intel Mac OS X 10_15_4) AppleWebKit/537.36 (KHTML, like Gecko) Chrome/81.0.4044.122 Safari/537.36"
::1 - - [08/May/2020:14:41:52 +0000] "GET /hh HTTP/1.1" 404 141 "-" "Mozilla/5.0 (Macintosh; Intel Mac OS X 10_15_4) AppleWebKit/537.36 (KHTML, like Gecko) Chrome/81.0.4044.122 Safari/537.36"
::1 - - [08/May/2020:14:42:07 +0000] "GET / HTTP/1.1" 304 - "-" "Mozilla/5.0 (Macintosh; Intel Mac OS X 10_15_4) AppleWebKit/537.36 (KHTML, like Gecko) Chrome/81.0.4044.122 Safari/537.36"
::1 - - [08/May/2020:15:06:13 +0000] "POST /login HTTP/1.1" 200 16 "-" "curl/7.64.1"
::1 - - [08/May/2020:15:08:59 +0000] "POST /api/users HTTP/1.1" 200 28 "-" "curl/7.64.1"
::1 - - [08/May/2020:15:11:35 +0000] "POST /api/users HTTP/1.1" 200 39 "-" "curl/7.64.1"
::1 - - [08/May/2020:15:28:51 +0000] "GET / HTTP/1.1" 304 - "-" "Mozilla/5.0 (Macintosh; Intel Mac OS X 10_15_4) AppleWebKit/537.36 (KHTML, like Gecko) Chrome/81.0.4044.122 Safari/537.36"
::1 - - [08/May/2020:15:29:06 +0000] "GET /procdcts HTTP/1.1" 404 147 "-" "Mozilla/5.0 (Macintosh; Intel Mac OS X 10_15_4) AppleWebKit/537.36 (KHTML, like Gecko) Chrome/81.0.4044.122 Safari/537.36"
::1 - - [08/May/2020:15:29:17 +0000] "GET /products/22 HTTP/1.1" 200 49 "-" "Mozilla/5.0 (Macintosh; Intel Mac OS X 10_15_4) AppleWebKit/537.36 (KHTML, like Gecko) Chrome/81.0.4044.122 Safari/537.36"
::1 - - [08/May/2020:15:29:30 +0000] "GET /products/22 HTTP/1.1" 304 - "-" "Mozilla/5.0 (Macintosh; Intel Mac OS X 10_15_4) AppleWebKit/537.36 (KHTML, like Gecko) Chrome/81.0.4044.122 Safari/537.36"
::1 - - [08/May/2020:15:49:43 +0000] "GET /foo HTTP/1.1" 200 28 "-" "Mozilla/5.0 (Macintosh; Intel Mac OS X 10_15_4) AppleWebKit/537.36 (KHTML, like Gecko) Chrome/81.0.4044.122 Safari/537.36"
::1 - - [08/May/2020:15:49:49 +0000] "GET /foo HTTP/1.1" 200 28 "-" "Mozilla/5.0 (Macintosh; Intel Mac OS X 10_15_4) AppleWebKit/537.36 (KHTML, like Gecko) Chrome/81.0.4044.122 Safari/537.36"
::1 - - [08/May/2020:15:49:50 +0000] "GET /foo HTTP/1.1" 200 28 "-" "Mozilla/5.0 (Macintosh; Intel Mac OS X 10_15_4) AppleWebKit/537.36 (KHTML, like Gecko) Chrome/81.0.4044.122 Safari/537.36"
::1 - - [08/May/2020:15:49:51 +0000] "GET /foo HTTP/1.1" 200 28 "-" "Mozilla/5.0 (Macintosh; Intel Mac OS X 10_15_4) AppleWebKit/537.36 (KHTML, like Gecko) Chrome/81.0.4044.122 Safari/537.36"
::1 - - [08/May/2020:15:49:51 +0000] "GET /foo HTTP/1.1" 200 28 "-" "Mozilla/5.0 (Macintosh; Intel Mac OS X 10_15_4) AppleWebKit/537.36 (KHTML, like Gecko) Chrome/81.0.4044.122 Safari/537.36"
::1 - - [08/May/2020:15:49:51 +0000] "GET /foo HTTP/1.1" 200 28 "-" "Mozilla/5.0 (Macintosh; Intel Mac OS X 10_15_4) AppleWebKit/537.36 (KHTML, like Gecko) Chrome/81.0.4044.122 Safari/537.36"
::1 - - [08/May/2020:15:50:34 +0000] "GET /foo HTTP/1.1" 200 28 "-" "Mozilla/5.0 (Macintosh; Intel Mac OS X 10_15_4) AppleWebKit/537.36 (KHTML, like Gecko) Chrome/81.0.4044.122 Safari/537.36"
::1 - - [08/May/2020:15:50:35 +0000] "GET /foo HTTP/1.1" 200 28 "-" "Mozilla/5.0 (Macintosh; Intel Mac OS X 10_15_4) AppleWebKit/537.36 (KHTML, like Gecko) Chrome/81.0.4044.122 Safari/537.36"
::1 - - [08/May/2020:15:50:36 +0000] "GET /foo HTTP/1.1" 200 28 "-" "Mozilla/5.0 (Macintosh; Intel Mac OS X 10_15_4) AppleWebKit/537.36 (KHTML, like Gecko) Chrome/81.0.4044.122 Safari/537.36"
::1 - - [08/May/2020:15:57:14 +0000] "GET /foo HTTP/1.1" 200 29 "-" "Mozilla/5.0 (Macintosh; Intel Mac OS X 10_15_4) AppleWebKit/537.36 (KHTML, like Gecko) Chrome/81.0.4044.122 Safari/537.36"
::1 - - [08/May/2020:15:57:15 +0000] "GET /foo HTTP/1.1" 200 29 "-" "Mozilla/5.0 (Macintosh; Intel Mac OS X 10_15_4) AppleWebKit/537.36 (KHTML, like Gecko) Chrome/81.0.4044.122 Safari/537.36"
::1 - - [08/May/2020:15:57:31 +0000] "GET /foo HTTP/1.1" 200 28 "-" "Mozilla/5.0 (Macintosh; Intel Mac OS X 10_15_4) AppleWebKit/537.36 (KHTML, like Gecko) Chrome/81.0.4044.122 Safari/537.36"
